2026-03-02 16:19:05,016 - verbecc - INFO - verbs.py:29 - loaded verbecc config: VerbeccConfig(version=1, ENABLE_ML_PREDICTION=True, JSBEAUTIFIER_ENABLE=True, JSBEAUTIFIER_OPTS=JSBeautifierOpts(brace_style='expand', break_chained_methods=False, comma_first=False, e4x=False, end_with_newline=False, indent_char=' ', indent_empty_lines=False, indent_inner_html=False, indent_scripts='normal', indent_size=4, jslint_happy=False, keep_array_indentation=False, max_preserve_newlines=-1, preserve_newlines=False, space_before_conditional=True, unescape_strings=False, wrap_line_length=80), JSON_OPTS=JSONOpts(allow_nan=False, sort_keys=True, ensure_ascii=False, indent=4))
2026-03-02 16:19:05,043 - verbecc - WARNING - model_utils.py:60 - Exception loading model data/models/trained_model-es.zip: [Errno 2] No such file or directory: 'C:\\Users\\Justin\\Programming Projects\\KindleVocab\\.venv\\Lib\\site-packages\\verbecc\\data\\models\\trained_model-es.zip'
Traceback (most recent call last):
  File "C:\Users\Justin\Programming Projects\KindleVocab\.venv\Lib\site-packages\verbecc\src\mlconjug\model_utils.py", line 50, in load_model
    with ZipFile(f) as zf:
         ^^^^^^^^^^
  File "C:\Python312\Lib\zipfile\__init__.py", line 1331, in __init__
    self.fp = io.open(file, filemode)
              ^^^^^^^^^^^^^^^^^^^^^^^
FileNotFoundError: [Errno 2] No such file or directory: 'C:\\Users\\Justin\\Programming Projects\\KindleVocab\\.venv\\Lib\\site-packages\\verbecc\\data\\models\\trained_model-es.zip'
2026-03-02 16:19:05,058 - verbecc - INFO - predictor.py:23 - Could not load existing model, training new model...
2026-03-02 16:19:21,049 - verbecc - INFO - model_utils.py:35 - Saved model pickle filename trained_model-es.pickle to zip filename data/models/trained_model-es.zip.
2026-03-02 16:19:21,057 - verbecc - INFO - predictor.py:27 - Model training complete. Model saved to data/models/trained_model-es.zip.
2026-03-02 16:19:22,647 - verbecc - INFO - verbs.py:29 - loaded verbecc config: VerbeccConfig(version=1, ENABLE_ML_PREDICTION=True, JSBEAUTIFIER_ENABLE=True, JSBEAUTIFIER_OPTS=JSBeautifierOpts(brace_style='expand', break_chained_methods=False, comma_first=False, e4x=False, end_with_newline=False, indent_char=' ', indent_empty_lines=False, indent_inner_html=False, indent_scripts='normal', indent_size=4, jslint_happy=False, keep_array_indentation=False, max_preserve_newlines=-1, preserve_newlines=False, space_before_conditional=True, unescape_strings=False, wrap_line_length=80), JSON_OPTS=JSONOpts(allow_nan=False, sort_keys=True, ensure_ascii=False, indent=4))
2026-03-02 16:19:22,761 - verbecc - INFO - model_utils.py:54 - Loaded model pickle (filename=trained_model-es.pickle) from zip file (filename=data/models/trained_model-es.zip)
2026-03-02 16:19:22,762 - verbecc - INFO - predictor.py:21 - Loaded existing model from zip file.
2026-03-02 16:32:48,638 - verbecc - INFO - verbs.py:29 - loaded verbecc config: VerbeccConfig(version=1, ENABLE_ML_PREDICTION=True, JSBEAUTIFIER_ENABLE=True, JSBEAUTIFIER_OPTS=JSBeautifierOpts(brace_style='expand', break_chained_methods=False, comma_first=False, e4x=False, end_with_newline=False, indent_char=' ', indent_empty_lines=False, indent_inner_html=False, indent_scripts='normal', indent_size=4, jslint_happy=False, keep_array_indentation=False, max_preserve_newlines=-1, preserve_newlines=False, space_before_conditional=True, unescape_strings=False, wrap_line_length=80), JSON_OPTS=JSONOpts(allow_nan=False, sort_keys=True, ensure_ascii=False, indent=4))
2026-03-02 16:32:48,747 - verbecc - INFO - model_utils.py:54 - Loaded model pickle (filename=trained_model-es.pickle) from zip file (filename=data/models/trained_model-es.zip)
2026-03-02 16:32:48,748 - verbecc - INFO - predictor.py:21 - Loaded existing model from zip file.
2026-03-02 16:34:10,127 - verbecc - INFO - verbs.py:29 - loaded verbecc config: VerbeccConfig(version=1, ENABLE_ML_PREDICTION=True, JSBEAUTIFIER_ENABLE=True, JSBEAUTIFIER_OPTS=JSBeautifierOpts(brace_style='expand', break_chained_methods=False, comma_first=False, e4x=False, end_with_newline=False, indent_char=' ', indent_empty_lines=False, indent_inner_html=False, indent_scripts='normal', indent_size=4, jslint_happy=False, keep_array_indentation=False, max_preserve_newlines=-1, preserve_newlines=False, space_before_conditional=True, unescape_strings=False, wrap_line_length=80), JSON_OPTS=JSONOpts(allow_nan=False, sort_keys=True, ensure_ascii=False, indent=4))
2026-03-02 16:34:10,246 - verbecc - INFO - model_utils.py:54 - Loaded model pickle (filename=trained_model-es.pickle) from zip file (filename=data/models/trained_model-es.zip)
2026-03-02 16:34:10,246 - verbecc - INFO - predictor.py:21 - Loaded existing model from zip file.
2026-03-02 16:37:45,141 - verbecc - INFO - verbs.py:29 - loaded verbecc config: VerbeccConfig(version=1, ENABLE_ML_PREDICTION=True, JSBEAUTIFIER_ENABLE=True, JSBEAUTIFIER_OPTS=JSBeautifierOpts(brace_style='expand', break_chained_methods=False, comma_first=False, e4x=False, end_with_newline=False, indent_char=' ', indent_empty_lines=False, indent_inner_html=False, indent_scripts='normal', indent_size=4, jslint_happy=False, keep_array_indentation=False, max_preserve_newlines=-1, preserve_newlines=False, space_before_conditional=True, unescape_strings=False, wrap_line_length=80), JSON_OPTS=JSONOpts(allow_nan=False, sort_keys=True, ensure_ascii=False, indent=4))
2026-03-02 16:37:45,244 - verbecc - INFO - model_utils.py:54 - Loaded model pickle (filename=trained_model-es.pickle) from zip file (filename=data/models/trained_model-es.zip)
2026-03-02 16:37:45,244 - verbecc - INFO - predictor.py:21 - Loaded existing model from zip file.
2026-03-02 16:37:46,737 - verbecc - INFO - verbs.py:29 - loaded verbecc config: VerbeccConfig(version=1, ENABLE_ML_PREDICTION=True, JSBEAUTIFIER_ENABLE=True, JSBEAUTIFIER_OPTS=JSBeautifierOpts(brace_style='expand', break_chained_methods=False, comma_first=False, e4x=False, end_with_newline=False, indent_char=' ', indent_empty_lines=False, indent_inner_html=False, indent_scripts='normal', indent_size=4, jslint_happy=False, keep_array_indentation=False, max_preserve_newlines=-1, preserve_newlines=False, space_before_conditional=True, unescape_strings=False, wrap_line_length=80), JSON_OPTS=JSONOpts(allow_nan=False, sort_keys=True, ensure_ascii=False, indent=4))
2026-03-02 16:37:46,841 - verbecc - INFO - model_utils.py:54 - Loaded model pickle (filename=trained_model-es.pickle) from zip file (filename=data/models/trained_model-es.zip)
2026-03-02 16:37:46,841 - verbecc - INFO - predictor.py:21 - Loaded existing model from zip file.
2026-03-02 16:44:27,312 - verbecc - INFO - verbs.py:29 - loaded verbecc config: VerbeccConfig(version=1, ENABLE_ML_PREDICTION=True, JSBEAUTIFIER_ENABLE=True, JSBEAUTIFIER_OPTS=JSBeautifierOpts(brace_style='expand', break_chained_methods=False, comma_first=False, e4x=False, end_with_newline=False, indent_char=' ', indent_empty_lines=False, indent_inner_html=False, indent_scripts='normal', indent_size=4, jslint_happy=False, keep_array_indentation=False, max_preserve_newlines=-1, preserve_newlines=False, space_before_conditional=True, unescape_strings=False, wrap_line_length=80), JSON_OPTS=JSONOpts(allow_nan=False, sort_keys=True, ensure_ascii=False, indent=4))
2026-03-02 16:44:27,416 - verbecc - INFO - model_utils.py:54 - Loaded model pickle (filename=trained_model-es.pickle) from zip file (filename=data/models/trained_model-es.zip)
2026-03-02 16:44:27,416 - verbecc - INFO - predictor.py:21 - Loaded existing model from zip file.
2026-03-02 16:44:28,935 - verbecc - INFO - verbs.py:29 - loaded verbecc config: VerbeccConfig(version=1, ENABLE_ML_PREDICTION=True, JSBEAUTIFIER_ENABLE=True, JSBEAUTIFIER_OPTS=JSBeautifierOpts(brace_style='expand', break_chained_methods=False, comma_first=False, e4x=False, end_with_newline=False, indent_char=' ', indent_empty_lines=False, indent_inner_html=False, indent_scripts='normal', indent_size=4, jslint_happy=False, keep_array_indentation=False, max_preserve_newlines=-1, preserve_newlines=False, space_before_conditional=True, unescape_strings=False, wrap_line_length=80), JSON_OPTS=JSONOpts(allow_nan=False, sort_keys=True, ensure_ascii=False, indent=4))
2026-03-02 16:44:29,036 - verbecc - INFO - model_utils.py:54 - Loaded model pickle (filename=trained_model-es.pickle) from zip file (filename=data/models/trained_model-es.zip)
2026-03-02 16:44:29,037 - verbecc - INFO - predictor.py:21 - Loaded existing model from zip file.
2026-03-02 21:20:50,409 - verbecc - INFO - verbs.py:29 - loaded verbecc config: VerbeccConfig(version=1, ENABLE_ML_PREDICTION=True, JSBEAUTIFIER_ENABLE=True, JSBEAUTIFIER_OPTS=JSBeautifierOpts(brace_style='expand', break_chained_methods=False, comma_first=False, e4x=False, end_with_newline=False, indent_char=' ', indent_empty_lines=False, indent_inner_html=False, indent_scripts='normal', indent_size=4, jslint_happy=False, keep_array_indentation=False, max_preserve_newlines=-1, preserve_newlines=False, space_before_conditional=True, unescape_strings=False, wrap_line_length=80), JSON_OPTS=JSONOpts(allow_nan=False, sort_keys=True, ensure_ascii=False, indent=4))
2026-03-02 21:20:50,522 - verbecc - INFO - model_utils.py:54 - Loaded model pickle (filename=trained_model-es.pickle) from zip file (filename=data/models/trained_model-es.zip)
2026-03-02 21:20:50,522 - verbecc - INFO - predictor.py:21 - Loaded existing model from zip file.
2026-03-02 21:20:59,279 - verbecc - INFO - verbs.py:29 - loaded verbecc config: VerbeccConfig(version=1, ENABLE_ML_PREDICTION=True, JSBEAUTIFIER_ENABLE=True, JSBEAUTIFIER_OPTS=JSBeautifierOpts(brace_style='expand', break_chained_methods=False, comma_first=False, e4x=False, end_with_newline=False, indent_char=' ', indent_empty_lines=False, indent_inner_html=False, indent_scripts='normal', indent_size=4, jslint_happy=False, keep_array_indentation=False, max_preserve_newlines=-1, preserve_newlines=False, space_before_conditional=True, unescape_strings=False, wrap_line_length=80), JSON_OPTS=JSONOpts(allow_nan=False, sort_keys=True, ensure_ascii=False, indent=4))
2026-03-02 21:20:59,404 - verbecc - INFO - model_utils.py:54 - Loaded model pickle (filename=trained_model-es.pickle) from zip file (filename=data/models/trained_model-es.zip)
2026-03-02 21:20:59,405 - verbecc - INFO - predictor.py:21 - Loaded existing model from zip file.
2026-03-02 21:29:10,021 - verbecc - INFO - verbs.py:29 - loaded verbecc config: VerbeccConfig(version=1, ENABLE_ML_PREDICTION=True, JSBEAUTIFIER_ENABLE=True, JSBEAUTIFIER_OPTS=JSBeautifierOpts(brace_style='expand', break_chained_methods=False, comma_first=False, e4x=False, end_with_newline=False, indent_char=' ', indent_empty_lines=False, indent_inner_html=False, indent_scripts='normal', indent_size=4, jslint_happy=False, keep_array_indentation=False, max_preserve_newlines=-1, preserve_newlines=False, space_before_conditional=True, unescape_strings=False, wrap_line_length=80), JSON_OPTS=JSONOpts(allow_nan=False, sort_keys=True, ensure_ascii=False, indent=4))
2026-03-02 21:29:10,137 - verbecc - INFO - model_utils.py:54 - Loaded model pickle (filename=trained_model-es.pickle) from zip file (filename=data/models/trained_model-es.zip)
2026-03-02 21:29:10,137 - verbecc - INFO - predictor.py:21 - Loaded existing model from zip file.
2026-03-02 21:29:11,675 - verbecc - INFO - verbs.py:29 - loaded verbecc config: VerbeccConfig(version=1, ENABLE_ML_PREDICTION=True, JSBEAUTIFIER_ENABLE=True, JSBEAUTIFIER_OPTS=JSBeautifierOpts(brace_style='expand', break_chained_methods=False, comma_first=False, e4x=False, end_with_newline=False, indent_char=' ', indent_empty_lines=False, indent_inner_html=False, indent_scripts='normal', indent_size=4, jslint_happy=False, keep_array_indentation=False, max_preserve_newlines=-1, preserve_newlines=False, space_before_conditional=True, unescape_strings=False, wrap_line_length=80), JSON_OPTS=JSONOpts(allow_nan=False, sort_keys=True, ensure_ascii=False, indent=4))
2026-03-02 21:29:11,776 - verbecc - INFO - model_utils.py:54 - Loaded model pickle (filename=trained_model-es.pickle) from zip file (filename=data/models/trained_model-es.zip)
2026-03-02 21:29:11,776 - verbecc - INFO - predictor.py:21 - Loaded existing model from zip file.
2026-03-02 21:35:07,808 - verbecc - INFO - verbs.py:29 - loaded verbecc config: VerbeccConfig(version=1, ENABLE_ML_PREDICTION=True, JSBEAUTIFIER_ENABLE=True, JSBEAUTIFIER_OPTS=JSBeautifierOpts(brace_style='expand', break_chained_methods=False, comma_first=False, e4x=False, end_with_newline=False, indent_char=' ', indent_empty_lines=False, indent_inner_html=False, indent_scripts='normal', indent_size=4, jslint_happy=False, keep_array_indentation=False, max_preserve_newlines=-1, preserve_newlines=False, space_before_conditional=True, unescape_strings=False, wrap_line_length=80), JSON_OPTS=JSONOpts(allow_nan=False, sort_keys=True, ensure_ascii=False, indent=4))
2026-03-02 21:35:07,911 - verbecc - INFO - model_utils.py:54 - Loaded model pickle (filename=trained_model-es.pickle) from zip file (filename=data/models/trained_model-es.zip)
2026-03-02 21:35:07,911 - verbecc - INFO - predictor.py:21 - Loaded existing model from zip file.
